src/app/api/deposits/route.ts(161,41): error TS2769: No overload matches this call.
  Overload 1 of 4, '(value: string | number | Date): Date', gave the following error.
    Argument of type 'string | Date | undefined' is not assignable to parameter of type 'string | number | Date'.
      Type 'undefined' is not assignable to type 'string | number | Date'.
  Overload 2 of 4, '(value: string | number): Date', gave the following error.
    Argument of type 'string | Date | undefined' is not assignable to parameter of type 'string | number'.
      Type 'undefined' is not assignable to type 'string | number'.
src/app/api/deposits/route.ts(234,11): error TS2322: Type 'string | undefined' is not assignable to type 'string'.
  Type 'undefined' is not assignable to type 'string'.
src/app/api/expenses/route.ts(173,43): error TS2769: No overload matches this call.
  Overload 1 of 4, '(value: string | number | Date): Date', gave the following error.
    Argument of type 'string | Date | undefined' is not assignable to parameter of type 'string | number | Date'.
      Type 'undefined' is not assignable to type 'string | number | Date'.
  Overload 2 of 4, '(value: string | number): Date', gave the following error.
    Argument of type 'string | Date | undefined' is not assignable to parameter of type 'string | number'.
      Type 'undefined' is not assignable to type 'string | number'.
src/app/api/loans/pumper/route.ts(106,28): error TS2345: Argument of type 'string | number' is not assignable to parameter of type 'string'.
  Type 'number' is not assignable to type 'string'.
src/app/api/loans/pumper/route.ts(107,91): error TS2345: Argument of type 'string | number' is not assignable to parameter of type 'string'.
  Type 'number' is not assignable to type 'string'.
src/app/api/loans/pumper/route.ts(124,32): error TS2345: Argument of type 'string | number' is not assignable to parameter of type 'string'.
  Type 'number' is not assignable to type 'string'.
src/app/api/loans/pumper/route.ts(169,57): error TS2345: Argument of type 'string | number' is not assignable to parameter of type 'string'.
  Type 'number' is not assignable to type 'string'.
src/app/api/loans/pumper/route.ts(176,32): error TS2345: Argument of type 'string | number' is not assignable to parameter of type 'string'.
  Type 'number' is not assignable to type 'string'.
src/app/api/pos/missing-slip/route.ts(164,28): error TS2345: Argument of type 'number' is not assignable to parameter of type 'string'.
src/app/api/reports/daily-sales/route.ts(120,24): error TS2339: Property 'status' does not exist on type '{ id: string; nozzle: { id: string; tank: { id: string; fuelId: string; fuel: { name: string; id: string; code: string; }; }; }; startMeterReading: number; endMeterReading: number | null; }'.
src/app/api/reports/daily/route.ts(204,24): error TS2339: Property 'fuel' does not exist on type '{ deliveries: { id: string; stationId: string; createdAt: Date; updatedAt: Date; notes: string | null; tankId: string; quantity: number; invoiceQuantity: number | null; supplier: string; ... 12 more ...; verifiedAt: Date | null; }[]; } & { ...; }'.
src/app/api/reports/profit/route.ts(188,57): error TS2339: Property 'fuel' does not exist on type '{ id: string; stationId: string; isActive: boolean; createdAt: Date; updatedAt: Date; tankNumber: string; fuelId: string; capacity: number; currentLevel: number; }'.
src/app/api/shifts/[id]/report/route.ts(100,42): error TS2339: Property 'fuel' does not exist on type '{ id: string; stationId: string; isActive: boolean; createdAt: Date; updatedAt: Date; tankNumber: string; fuelId: string; capacity: number; currentLevel: number; }'.
src/app/api/shifts/[id]/route.ts(145,18): error TS2551: Property 'templateId' does not exist on type 'ShiftUpdateInput'. Did you mean 'template'?
src/app/api/shifts/bulk-close/route.ts(24,7): error TS2322: Type 'ShiftWhereInput' is not assignable to type 'import("C:/Users/USER/Desktop/dfs management system/shed-admin/node_modules/.prisma/client/index").Prisma.ShiftWhereInput'.
  Types of property 'status' are incompatible.
    Type 'string | undefined' is not assignable to type 'ShiftStatus | EnumShiftStatusFilter<"Shift"> | undefined'.
      Type 'string' is not assignable to type 'ShiftStatus | EnumShiftStatusFilter<"Shift"> | undefined'.
src/app/api/shifts/bulk-close/route.ts(56,39): error TS2339: Property 'assignments' does not exist on type '{ id: string; stationId: string; createdAt: Date; updatedAt: Date; status: ShiftStatus; templateId: string; startTime: Date; endTime: Date | null; openedBy: string; closedBy: string | null; statistics: JsonValue; declaredAmounts: JsonValue; }'.
src/app/api/shifts/bulk-close/route.ts(56,58): error TS7006: Parameter 'a' implicitly has an 'any' type.
src/app/api/shifts/bulk-close/route.ts(81,40): error TS2339: Property 'assignments' does not exist on type '{ id: string; stationId: string; createdAt: Date; updatedAt: Date; status: ShiftStatus; templateId: string; startTime: Date; endTime: Date | null; openedBy: string; closedBy: string | null; statistics: JsonValue; declaredAmounts: JsonValue; }'.
src/app/api/shifts/bulk-close/route.ts(156,40): error TS2339: Property 'assignments' does not exist on type '{ id: string; stationId: string; createdAt: Date; updatedAt: Date; status: ShiftStatus; templateId: string; startTime: Date; endTime: Date | null; openedBy: string; closedBy: string | null; statistics: JsonValue; declaredAmounts: JsonValue; }'.
src/app/api/shifts/bulk-close/route.ts(157,42): error TS2339: Property 'assignments' does not exist on type '{ id: string; stationId: string; createdAt: Date; updatedAt: Date; status: ShiftStatus; templateId: string; startTime: Date; endTime: Date | null; openedBy: string; closedBy: string | null; statistics: JsonValue; declaredAmounts: JsonValue; }'.
src/app/api/shifts/bulk-close/route.ts(193,28): error TS2551: Property 'template' does not exist on type '{ id: string; stationId: string; createdAt: Date; updatedAt: Date; status: ShiftStatus; templateId: string; startTime: Date; endTime: Date | null; openedBy: string; closedBy: string | null; statistics: JsonValue; declaredAmounts: JsonValue; }'. Did you mean 'templateId'?
src/app/api/shifts/bulk-close/route.ts(194,30): error TS2551: Property 'station' does not exist on type '{ id: string; stationId: string; createdAt: Date; updatedAt: Date; status: ShiftStatus; templateId: string; startTime: Date; endTime: Date | null; openedBy: string; closedBy: string | null; statistics: JsonValue; declaredAmounts: JsonValue; }'. Did you mean 'stationId'?
src/app/api/shifts/bulk-close/route.ts(201,28): error TS2551: Property 'template' does not exist on type '{ id: string; stationId: string; createdAt: Date; updatedAt: Date; status: ShiftStatus; templateId: string; startTime: Date; endTime: Date | null; openedBy: string; closedBy: string | null; statistics: JsonValue; declaredAmounts: JsonValue; }'. Did you mean 'templateId'?
src/app/api/shifts/bulk-close/route.ts(202,30): error TS2551: Property 'station' does not exist on type '{ id: string; stationId: string; createdAt: Date; updatedAt: Date; status: ShiftStatus; templateId: string; startTime: Date; endTime: Date | null; openedBy: string; closedBy: string | null; statistics: JsonValue; declaredAmounts: JsonValue; }'. Did you mean 'stationId'?
src/app/api/shifts/cleanup/route.ts(54,7): error TS2322: Type 'ShiftWhereClause' is not assignable to type 'ShiftWhereInput'.
  Types of property 'status' are incompatible.
    Type 'string | undefined' is not assignable to type 'ShiftStatus | EnumShiftStatusFilter<"Shift"> | undefined'.
      Type 'string' is not assignable to type 'ShiftStatus | EnumShiftStatusFilter<"Shift"> | undefined'.
src/app/api/shifts/cleanup/route.ts(67,7): error TS2322: Type 'ShiftWhereClause' is not assignable to type 'ShiftWhereInput'.
  Types of property 'status' are incompatible.
    Type 'string | undefined' is not assignable to type 'ShiftStatus | EnumShiftStatusFilter<"Shift"> | undefined'.
      Type 'string' is not assignable to type 'ShiftStatus | EnumShiftStatusFilter<"Shift"> | undefined'.
src/app/api/shifts/cleanup/route.ts(149,7): error TS2322: Type 'ShiftWhereClause' is not assignable to type 'ShiftWhereInput'.
  Types of property 'status' are incompatible.
    Type 'string | undefined' is not assignable to type 'ShiftStatus | EnumShiftStatusFilter<"Shift"> | undefined'.
      Type 'string' is not assignable to type 'ShiftStatus | EnumShiftStatusFilter<"Shift"> | undefined'.
src/app/api/shifts/cleanup/route.ts(160,24): error TS2551: Property 'station' does not exist on type '{ id: string; stationId: string; createdAt: Date; updatedAt: Date; status: ShiftStatus; templateId: string; startTime: Date; endTime: Date | null; openedBy: string; closedBy: string | null; statistics: JsonValue; declaredAmounts: JsonValue; }'. Did you mean 'stationId'?
src/app/api/shifts/cleanup/route.ts(161,25): error TS2551: Property 'template' does not exist on type '{ id: string; stationId: string; createdAt: Date; updatedAt: Date; status: ShiftStatus; templateId: string; startTime: Date; endTime: Date | null; openedBy: string; closedBy: string | null; statistics: JsonValue; declaredAmounts: JsonValue; }'. Did you mean 'templateId'?
src/app/api/shifts/cleanup/route.ts(167,28): error TS2339: Property '_count' does not exist on type '{ id: string; stationId: string; createdAt: Date; updatedAt: Date; status: ShiftStatus; templateId: string; startTime: Date; endTime: Date | null; openedBy: string; closedBy: string | null; statistics: JsonValue; declaredAmounts: JsonValue; }'.
src/app/api/tanks/dips/route.ts(156,29): error TS2345: Argument of type 'string | number' is not assignable to parameter of type 'string'.
  Type 'number' is not assignable to type 'string'.
src/app/api/tanks/dips/route.ts(182,62): error TS2345: Argument of type 'string | number' is not assignable to parameter of type 'number'.
  Type 'string' is not assignable to type 'number'.
src/app/api/tanks/route.ts(37,15): error TS2353: Object literal may only specify known properties, and 'color' does not exist in type 'FuelSelect<DefaultArgs>'.
src/app/api/tenders/shift/[shiftId]/route.ts(286,57): error TS7006: Parameter 'a' implicitly has an 'any' type.
